This file contains any messages produced by compilers while
running configure, to aid debugging if configure makes a mistake.

It was created by wmpi configure 1.2, which was
generated by GNU Autoconf 2.69.  Invocation command line was

  $ ./configure --prefix=/home/ensmjc/Codes

## --------- ##
## Platform. ##
## --------- ##

hostname = aerialist-1
uname -m = x86_64
uname -r = 4.4.38
uname -s = Linux
uname -v = #2 SMP Sun Dec 11 16:11:02 CST 2016

/usr/bin/uname -p = Intel(R) Xeon(R) CPU E5-2630 v3 @ 2.40GHz
/bin/uname -X     = unknown

/bin/arch              = x86_64
/usr/bin/arch -k       = unknown
/usr/convex/getsysinfo = unknown
/usr/bin/hostinfo      = unknown
/bin/machine           = unknown
/usr/bin/oslevel       = unknown
/bin/universe          = unknown

PATH: /usr/local/bin
PATH: /usr/bin
PATH: /bin
PATH: /usr/games
PATH: /usr/lib64/qt/bin
PATH: /usr/share/texmf/bin


## ----------- ##
## Core tests. ##
## ----------- ##

configure:2257: checking for a BSD-compatible install
configure:2325: result: /usr/bin/ginstall -c
configure:2336: checking whether build environment is sane
configure:2391: result: yes
configure:2542: checking for a thread-safe mkdir -p
configure:2581: result: /usr/bin/mkdir -p
configure:2588: checking for gawk
configure:2604: found /usr/bin/gawk
configure:2615: result: gawk
configure:2626: checking whether make sets $(MAKE)
configure:2648: result: yes
configure:2677: checking whether make supports nested variables
configure:2694: result: yes
configure:2880: checking build system type
configure:2894: result: x86_64-unknown-linux-gnu
configure:2914: checking host system type
configure:2927: result: x86_64-unknown-linux-gnu
configure:2968: checking how to print strings
configure:2995: result: printf
configure:3028: checking for style of include used by make
configure:3056: result: GNU
configure:3127: checking for gcc
configure:3143: found /usr/bin/gcc
configure:3154: result: gcc
configure:3383: checking for C compiler version
configure:3392: gcc --version >&5
gcc (GCC) 5.4.0
Copyright (C) 2015 Free Software Foundation, Inc.
This is free software; see the source for copying conditions.  There is NO
warranty; not even for MERCHANTABILITY or FITNESS FOR A PARTICULAR PURPOSE.

configure:3403: $? = 0
configure:3392: gcc -v >&5
Reading specs from /usr/lib64/gcc/x86_64-slackware-linux/5.4.0/specs
COLLECT_GCC=gcc
COLLECT_LTO_WRAPPER=/usr/libexec/gcc/x86_64-slackware-linux/5.4.0/lto-wrapper
Target: x86_64-slackware-linux
Configured with: ../gcc-5.4.0/configure --prefix=/usr --libdir=/usr/lib64 --mandir=/usr/man --infodir=/usr/info --enable-shared --enable-bootstrap --enable-languages=ada,c,c++,fortran,go,java,lto,objc --enable-threads=posix --enable-checking=release --enable-objc-gc --with-system-zlib --with-python-dir=/lib64/python2.7/site-packages --enable-libstdcxx-dual-abi --with-default-libstdcxx-abi=gcc4-compatible --disable-libunwind-exceptions --enable-__cxa_atexit --enable-libssp --enable-lto --disable-install-libiberty --with-gnu-ld --verbose --enable-java-home --with-java-home=/usr/lib64/jvm/jre --with-jvm-root-dir=/usr/lib64/jvm --with-jvm-jar-dir=/usr/lib64/jvm/jvm-exports --with-arch-directory=amd64 --with-antlr-jar=/root/slackware64-current/source/d/gcc/antlr-runtime-3.4.jar --enable-java-awt=gtk --disable-gtktest --disable-multilib --target=x86_64-slackware-linux --build=x86_64-slackware-linux --host=x86_64-slackware-linux
Thread model: posix
gcc version 5.4.0 (GCC) 
configure:3403: $? = 0
configure:3392: gcc -V >&5
gcc: error: unrecognized command line option '-V'
gcc: fatal error: no input files
compilation terminated.
configure:3403: $? = 1
configure:3392: gcc -qversion >&5
gcc: error: unrecognized command line option '-qversion'
gcc: fatal error: no input files
compilation terminated.
configure:3403: $? = 1
configure:3423: checking whether the C compiler works
configure:3445: gcc    conftest.c  >&5
configure:3449: $? = 0
configure:3497: result: yes
configure:3500: checking for C compiler default output file name
configure:3502: result: a.out
configure:3508: checking for suffix of executables
configure:3515: gcc -o conftest    conftest.c  >&5
configure:3519: $? = 0
configure:3541: result: 
configure:3563: checking whether we are cross compiling
configure:3571: gcc -o conftest    conftest.c  >&5
configure:3575: $? = 0
configure:3582: ./conftest
configure:3586: $? = 0
configure:3601: result: no
configure:3606: checking for suffix of object files
configure:3628: gcc -c   conftest.c >&5
configure:3632: $? = 0
configure:3653: result: o
configure:3657: checking whether we are using the GNU C compiler
configure:3676: gcc -c   conftest.c >&5
configure:3676: $? = 0
configure:3685: result: yes
configure:3694: checking whether gcc accepts -g
configure:3714: gcc -c -g  conftest.c >&5
configure:3714: $? = 0
configure:3755: result: yes
configure:3772: checking for gcc option to accept ISO C89
configure:3835: gcc  -c -g -O2  conftest.c >&5
configure:3835: $? = 0
configure:3848: result: none needed
configure:3873: checking whether gcc understands -c and -o together
configure:3895: gcc -c conftest.c -o conftest2.o
configure:3898: $? = 0
configure:3895: gcc -c conftest.c -o conftest2.o
configure:3898: $? = 0
configure:3910: result: yes
configure:3929: checking dependency style of gcc
configure:4040: result: gcc3
configure:4055: checking for a sed that does not truncate output
configure:4119: result: /usr/bin/sed
configure:4137: checking for grep that handles long lines and -e
configure:4195: result: /usr/bin/grep
configure:4200: checking for egrep
configure:4262: result: /usr/bin/grep -E
configure:4267: checking for fgrep
configure:4329: result: /usr/bin/grep -F
configure:4364: checking for ld used by gcc
configure:4431: result: /usr/x86_64-slackware-linux/bin/ld
configure:4438: checking if the linker (/usr/x86_64-slackware-linux/bin/ld) is GNU ld
configure:4453: result: yes
configure:4465: checking for BSD- or MS-compatible name lister (nm)
configure:4519: result: /usr/bin/nm -B
configure:4649: checking the name lister (/usr/bin/nm -B) interface
configure:4656: gcc -c -g -O2  conftest.c >&5
configure:4659: /usr/bin/nm -B "conftest.o"
configure:4662: output
0000000000000000 B some_variable
configure:4669: result: BSD nm
configure:4672: checking whether ln -s works
configure:4676: result: yes
configure:4684: checking the maximum length of command line arguments
configure:4815: result: 1572864
configure:4863: checking how to convert x86_64-unknown-linux-gnu file names to x86_64-unknown-linux-gnu format
configure:4903: result: func_convert_file_noop
configure:4910: checking how to convert x86_64-unknown-linux-gnu file names to toolchain format
configure:4930: result: func_convert_file_noop
configure:4937: checking for /usr/x86_64-slackware-linux/bin/ld option to reload object files
configure:4944: result: -r
configure:5018: checking for objdump
configure:5034: found /usr/bin/objdump
configure:5045: result: objdump
configure:5077: checking how to recognize dependent libraries
configure:5277: result: pass_all
configure:5362: checking for dlltool
configure:5378: found /usr/bin/dlltool
configure:5389: result: dlltool
configure:5422: checking how to associate runtime and link libraries
configure:5449: result: printf %s\n
configure:5510: checking for ar
configure:5526: found /usr/bin/ar
configure:5537: result: ar
configure:5574: checking for archiver @FILE support
configure:5591: gcc -c -g -O2  conftest.c >&5
configure:5591: $? = 0
configure:5594: ar cru libconftest.a @conftest.lst >&5
configure:5597: $? = 0
configure:5602: ar cru libconftest.a @conftest.lst >&5
ar: conftest.o: No such file or directory
configure:5605: $? = 1
configure:5617: result: @
configure:5675: checking for strip
configure:5691: found /usr/bin/strip
configure:5702: result: strip
configure:5774: checking for ranlib
configure:5790: found /usr/bin/ranlib
configure:5801: result: ranlib
configure:5903: checking command to parse /usr/bin/nm -B output from gcc object
configure:6056: gcc -c -g -O2  conftest.c >&5
configure:6059: $? = 0
configure:6063: /usr/bin/nm -B conftest.o \| sed -n -e 's/^.*[ ]\([ABCDGIRSTW][ABCDGIRSTW]*\)[ ][ ]*\([_A-Za-z][_A-Za-z0-9]*\)$/\1 \2 \2/p' | sed '/ __gnu_lto/d' \> conftest.nm
configure:6066: $? = 0
configure:6132: gcc -o conftest -g -O2   conftest.c conftstm.o >&5
configure:6135: $? = 0
configure:6173: result: ok
configure:6220: checking for sysroot
configure:6250: result: no
configure:6257: checking for a working dd
configure:6295: result: /usr/bin/dd
configure:6299: checking how to truncate binary pipes
configure:6314: result: /usr/bin/dd bs=4096 count=1
configure:6450: gcc -c -g -O2  conftest.c >&5
configure:6453: $? = 0
configure:6643: checking for mt
configure:6659: found /bin/mt
configure:6670: result: mt
configure:6693: checking if mt is a manifest tool
configure:6699: mt '-?'
usage: mt [-v] [--version] [-h] [ -f device ] command [ count ]
configure:6707: result: no
configure:7384: checking how to run the C preprocessor
configure:7415: gcc -E  conftest.c
configure:7415: $? = 0
configure:7429: gcc -E  conftest.c
conftest.c:16:28: fatal error: ac_nonexistent.h: No such file or directory
compilation terminated.
configure:7429: $? = 1
configure: failed program was:
| /* confdefs.h */
| #define PACKAGE_NAME "wmpi"
| #define PACKAGE_TARNAME "wmpi"
| #define PACKAGE_VERSION "1.2"
| #define PACKAGE_STRING "wmpi 1.2"
| #define PACKAGE_BUGREPORT ""
| #define PACKAGE_URL ""
| #define PACKAGE "wmpi"
| #define VERSION "1.2"
| #define WMPI_MAJOR_VERSION 0
| #define WMPI_MINOR_VERSION 1
| #define WMPI_MICRO_VERSION 2
| #define WMPI_INTERFACE_AGE 0
| #define WMPI_BINARY_AGE 0
| /* end confdefs.h.  */
| #include <ac_nonexistent.h>
configure:7454: result: gcc -E
configure:7474: gcc -E  conftest.c
configure:7474: $? = 0
configure:7488: gcc -E  conftest.c
conftest.c:16:28: fatal error: ac_nonexistent.h: No such file or directory
compilation terminated.
configure:7488: $? = 1
configure: failed program was:
| /* confdefs.h */
| #define PACKAGE_NAME "wmpi"
| #define PACKAGE_TARNAME "wmpi"
| #define PACKAGE_VERSION "1.2"
| #define PACKAGE_STRING "wmpi 1.2"
| #define PACKAGE_BUGREPORT ""
| #define PACKAGE_URL ""
| #define PACKAGE "wmpi"
| #define VERSION "1.2"
| #define WMPI_MAJOR_VERSION 0
| #define WMPI_MINOR_VERSION 1
| #define WMPI_MICRO_VERSION 2
| #define WMPI_INTERFACE_AGE 0
| #define WMPI_BINARY_AGE 0
| /* end confdefs.h.  */
| #include <ac_nonexistent.h>
configure:7517: checking for ANSI C header files
configure:7537: gcc -c -g -O2  conftest.c >&5
configure:7537: $? = 0
configure:7610: gcc -o conftest -g -O2   conftest.c  >&5
configure:7610: $? = 0
configure:7610: ./conftest
configure:7610: $? = 0
configure:7621: result: yes
configure:7634: checking for sys/types.h
configure:7634: gcc -c -g -O2  conftest.c >&5
configure:7634: $? = 0
configure:7634: result: yes
configure:7634: checking for sys/stat.h
configure:7634: gcc -c -g -O2  conftest.c >&5
configure:7634: $? = 0
configure:7634: result: yes
configure:7634: checking for stdlib.h
configure:7634: gcc -c -g -O2  conftest.c >&5
configure:7634: $? = 0
configure:7634: result: yes
configure:7634: checking for string.h
configure:7634: gcc -c -g -O2  conftest.c >&5
configure:7634: $? = 0
configure:7634: result: yes
configure:7634: checking for memory.h
configure:7634: gcc -c -g -O2  conftest.c >&5
configure:7634: $? = 0
configure:7634: result: yes
configure:7634: checking for strings.h
configure:7634: gcc -c -g -O2  conftest.c >&5
configure:7634: $? = 0
configure:7634: result: yes
configure:7634: checking for inttypes.h
configure:7634: gcc -c -g -O2  conftest.c >&5
configure:7634: $? = 0
configure:7634: result: yes
configure:7634: checking for stdint.h
configure:7634: gcc -c -g -O2  conftest.c >&5
configure:7634: $? = 0
configure:7634: result: yes
configure:7634: checking for unistd.h
configure:7634: gcc -c -g -O2  conftest.c >&5
configure:7634: $? = 0
configure:7634: result: yes
configure:7648: checking for dlfcn.h
configure:7648: gcc -c -g -O2  conftest.c >&5
configure:7648: $? = 0
configure:7648: result: yes
configure:7904: checking for objdir
configure:7919: result: .libs
configure:8183: checking if gcc supports -fno-rtti -fno-exceptions
configure:8201: gcc -c -g -O2  -fno-rtti -fno-exceptions conftest.c >&5
cc1: warning: command line option '-fno-rtti' is valid for C++/ObjC++ but not for C
configure:8205: $? = 0
configure:8218: result: no
configure:8576: checking for gcc option to produce PIC
configure:8583: result: -fPIC -DPIC
configure:8591: checking if gcc PIC flag -fPIC -DPIC works
configure:8609: gcc -c -g -O2  -fPIC -DPIC -DPIC conftest.c >&5
configure:8613: $? = 0
configure:8626: result: yes
configure:8655: checking if gcc static flag -static works
configure:8683: result: yes
configure:8698: checking if gcc supports -c -o file.o
configure:8719: gcc -c -g -O2  -o out/conftest2.o conftest.c >&5
configure:8723: $? = 0
configure:8745: result: yes
configure:8753: checking if gcc supports -c -o file.o
configure:8800: result: yes
configure:8833: checking whether the gcc linker (/usr/x86_64-slackware-linux/bin/ld -m elf_x86_64) supports shared libraries
configure:10092: result: yes
configure:10129: checking whether -lc should be explicitly linked in
configure:10137: gcc -c -g -O2  conftest.c >&5
configure:10140: $? = 0
configure:10155: gcc -shared  -fPIC -DPIC conftest.o  -v -Wl,-soname -Wl,conftest -o conftest 2\>\&1 \| /usr/bin/grep  -lc  \>/dev/null 2\>\&1
configure:10158: $? = 0
configure:10172: result: no
configure:10332: checking dynamic linker characteristics
configure:10913: gcc -o conftest -g -O2   -Wl,-rpath -Wl,/foo conftest.c  >&5
configure:10913: $? = 0
configure:11150: result: GNU/Linux ld.so
configure:11272: checking how to hardcode library paths into programs
configure:11297: result: immediate
configure:11845: checking whether stripping libraries is possible
configure:11850: result: yes
configure:11885: checking if libtool supports shared libraries
configure:11887: result: yes
configure:11890: checking whether to build shared libraries
configure:11915: result: yes
configure:11918: checking whether to build static libraries
configure:11922: result: yes
configure:11961: checking whether to enable maintainer-specific portions of Makefiles
configure:11970: result: no
configure:12032: checking for gcc
configure:12059: result: gcc
configure:12288: checking for C compiler version
configure:12297: gcc --version >&5
gcc (GCC) 5.4.0
Copyright (C) 2015 Free Software Foundation, Inc.
This is free software; see the source for copying conditions.  There is NO
warranty; not even for MERCHANTABILITY or FITNESS FOR A PARTICULAR PURPOSE.

configure:12308: $? = 0
configure:12297: gcc -v >&5
Reading specs from /usr/lib64/gcc/x86_64-slackware-linux/5.4.0/specs
COLLECT_GCC=gcc
COLLECT_LTO_WRAPPER=/usr/libexec/gcc/x86_64-slackware-linux/5.4.0/lto-wrapper
Target: x86_64-slackware-linux
Configured with: ../gcc-5.4.0/configure --prefix=/usr --libdir=/usr/lib64 --mandir=/usr/man --infodir=/usr/info --enable-shared --enable-bootstrap --enable-languages=ada,c,c++,fortran,go,java,lto,objc --enable-threads=posix --enable-checking=release --enable-objc-gc --with-system-zlib --with-python-dir=/lib64/python2.7/site-packages --enable-libstdcxx-dual-abi --with-default-libstdcxx-abi=gcc4-compatible --disable-libunwind-exceptions --enable-__cxa_atexit --enable-libssp --enable-lto --disable-install-libiberty --with-gnu-ld --verbose --enable-java-home --with-java-home=/usr/lib64/jvm/jre --with-jvm-root-dir=/usr/lib64/jvm --with-jvm-jar-dir=/usr/lib64/jvm/jvm-exports --with-arch-directory=amd64 --with-antlr-jar=/root/slackware64-current/source/d/gcc/antlr-runtime-3.4.jar --enable-java-awt=gtk --disable-gtktest --disable-multilib --target=x86_64-slackware-linux --build=x86_64-slackware-linux --host=x86_64-slackware-linux
Thread model: posix
gcc version 5.4.0 (GCC) 
configure:12308: $? = 0
configure:12297: gcc -V >&5
gcc: error: unrecognized command line option '-V'
gcc: fatal error: no input files
compilation terminated.
configure:12308: $? = 1
configure:12297: gcc -qversion >&5
gcc: error: unrecognized command line option '-qversion'
gcc: fatal error: no input files
compilation terminated.
configure:12308: $? = 1
configure:12312: checking whether we are using the GNU C compiler
configure:12340: result: yes
configure:12349: checking whether gcc accepts -g
configure:12410: result: yes
configure:12427: checking for gcc option to accept ISO C89
configure:12503: result: none needed
configure:12528: checking whether gcc understands -c and -o together
configure:12565: result: yes
configure:12584: checking dependency style of gcc
configure:12695: result: gcc3
configure:12719: checking for gawk
configure:12746: result: gawk
configure:12757: checking for library containing strerror
configure:12788: gcc -o conftest -g -O2 -Wall -Werror-implicit-function-declaration -Wstrict-prototypes -Wmissing-prototypes -Wmissing-declarations   conftest.c  >&5
conftest.c:35:1: warning: function declaration isn't a prototype [-Wstrict-prototypes]
 char strerror ();
 ^
conftest.c:37:1: warning: function declaration isn't a prototype [-Wstrict-prototypes]
 main ()
 ^
configure:12788: $? = 0
configure:12805: result: none required
configure:12813: checking for ANSI C header files
configure:12917: result: yes
configure:13012: checking for pkg-config
configure:13030: found /usr/bin/pkg-config
configure:13042: result: /usr/bin/pkg-config
configure:13067: checking pkg-config is at least version 0.16
configure:13070: result: yes
configure:13087: checking for GLIB - version >= 2.4.0
configure:13199: gcc -o conftest -g -O2 -Wall -Werror-implicit-function-declaration -Wstrict-prototypes -Wmissing-prototypes -Wmissing-declarations -pthread -I/usr/include/glib-2.0 -I/usr/lib64/glib-2.0/include   conftest.c -lgthread-2.0 -pthread -Wl,--export-dynamic -lgmodule-2.0 -pthread -lglib-2.0  >&5
conftest.c:35:1: warning: function declaration isn't a prototype [-Wstrict-prototypes]
 main ()
 ^
configure:13199: $? = 0
configure:13199: ./conftest
configure:13199: $? = 0
configure:13213: result: yes (version 2.46.2)
configure:13623: checking for mpicc
configure:13651: result: no
configure:13683: checking for mpiCC
configure:13711: result: no
configure:13736: checking for mpicxx
configure:13764: result: no
configure:13922: checking that generated files are newer than configure
configure:13928: result: done
configure:13963: creating ./config.status

## ---------------------- ##
## Running config.status. ##
## ---------------------- ##

This file was extended by wmpi config.status 1.2, which was
generated by GNU Autoconf 2.69.  Invocation command line was

  CONFIG_FILES    = 
  CONFIG_HEADERS  = 
  CONFIG_LINKS    = 
  CONFIG_COMMANDS = 
  $ ./config.status 

on aerialist-1

config.status:1127: creating Makefile
config.status:1127: creating src/Makefile
config.status:1127: creating src/wmpi-config
config.status:1127: creating mpi/Makefile
config.status:1127: creating config.h
config.status:1356: executing depfiles commands
config.status:1356: executing libtool commands

## ---------------- ##
## Cache variables. ##
## ---------------- ##

ac_cv_build=x86_64-unknown-linux-gnu
ac_cv_c_compiler_gnu=yes
ac_cv_env_CC_set=
ac_cv_env_CC_value=
ac_cv_env_CFLAGS_set=
ac_cv_env_CFLAGS_value=
ac_cv_env_CPPFLAGS_set=
ac_cv_env_CPPFLAGS_value=
ac_cv_env_CPP_set=
ac_cv_env_CPP_value=
ac_cv_env_LDFLAGS_set=
ac_cv_env_LDFLAGS_value=
ac_cv_env_LIBS_set=
ac_cv_env_LIBS_value=
ac_cv_env_LT_SYS_LIBRARY_PATH_set=
ac_cv_env_LT_SYS_LIBRARY_PATH_value=
ac_cv_env_PKG_CONFIG_LIBDIR_set=
ac_cv_env_PKG_CONFIG_LIBDIR_value=
ac_cv_env_PKG_CONFIG_PATH_set=set
ac_cv_env_PKG_CONFIG_PATH_value=/usr/local/lib64/pkgconfig:/usr/local/share/pkgconfig:/usr/lib64/pkgconfig:/usr/share/pkgconfig
ac_cv_env_PKG_CONFIG_set=
ac_cv_env_PKG_CONFIG_value=
ac_cv_env_build_alias_set=
ac_cv_env_build_alias_value=
ac_cv_env_host_alias_set=
ac_cv_env_host_alias_value=
ac_cv_env_target_alias_set=
ac_cv_env_target_alias_value=
ac_cv_header_dlfcn_h=yes
ac_cv_header_inttypes_h=yes
ac_cv_header_memory_h=yes
ac_cv_header_stdc=yes
ac_cv_header_stdint_h=yes
ac_cv_header_stdlib_h=yes
ac_cv_header_string_h=yes
ac_cv_header_strings_h=yes
ac_cv_header_sys_stat_h=yes
ac_cv_header_sys_types_h=yes
ac_cv_header_unistd_h=yes
ac_cv_host=x86_64-unknown-linux-gnu
ac_cv_objext=o
ac_cv_path_EGREP='/usr/bin/grep -E'
ac_cv_path_FGREP='/usr/bin/grep -F'
ac_cv_path_GREP=/usr/bin/grep
ac_cv_path_SED=/usr/bin/sed
ac_cv_path_ac_pt_PKG_CONFIG=/usr/bin/pkg-config
ac_cv_path_install='/usr/bin/ginstall -c'
ac_cv_path_lt_DD=/usr/bin/dd
ac_cv_path_mkdir=/usr/bin/mkdir
ac_cv_prog_AWK=gawk
ac_cv_prog_CPP='gcc -E'
ac_cv_prog_ac_ct_AR=ar
ac_cv_prog_ac_ct_CC=gcc
ac_cv_prog_ac_ct_DLLTOOL=dlltool
ac_cv_prog_ac_ct_MANIFEST_TOOL=mt
ac_cv_prog_ac_ct_OBJDUMP=objdump
ac_cv_prog_ac_ct_RANLIB=ranlib
ac_cv_prog_ac_ct_STRIP=strip
ac_cv_prog_cc_c89=
ac_cv_prog_cc_g=yes
ac_cv_prog_make_make_set=yes
ac_cv_prog_mpiCC_available=no
ac_cv_prog_mpicc_available=no
ac_cv_prog_mpicxx_available=no
ac_cv_search_strerror='none required'
am_cv_CC_dependencies_compiler_type=gcc3
am_cv_make_support_nested_variables=yes
am_cv_prog_cc_c_o=yes
lt_cv_ar_at_file=@
lt_cv_archive_cmds_need_lc=no
lt_cv_deplibs_check_method=pass_all
lt_cv_file_magic_cmd='$MAGIC_CMD'
lt_cv_file_magic_test_file=
lt_cv_ld_reload_flag=-r
lt_cv_nm_interface='BSD nm'
lt_cv_objdir=.libs
lt_cv_path_LD=/usr/x86_64-slackware-linux/bin/ld
lt_cv_path_NM='/usr/bin/nm -B'
lt_cv_path_mainfest_tool=no
lt_cv_prog_compiler_c_o=yes
lt_cv_prog_compiler_pic='-fPIC -DPIC'
lt_cv_prog_compiler_pic_works=yes
lt_cv_prog_compiler_rtti_exceptions=no
lt_cv_prog_compiler_static_works=yes
lt_cv_prog_gnu_ld=yes
lt_cv_sharedlib_from_linklib_cmd='printf %s\n'
lt_cv_shlibpath_overrides_runpath=no
lt_cv_sys_global_symbol_pipe='sed -n -e '\''s/^.*[	 ]\([ABCDGIRSTW][ABCDGIRSTW]*\)[	 ][	 ]*\([_A-Za-z][_A-Za-z0-9]*\)$/\1 \2 \2/p'\'' | sed '\''/ __gnu_lto/d'\'''
lt_cv_sys_global_symbol_to_c_name_address='sed -n -e '\''s/^: \(.*\) .*$/  {"\1", (void *) 0},/p'\'' -e '\''s/^[ABCDGIRSTW][ABCDGIRSTW]* .* \(.*\)$/  {"\1", (void *) \&\1},/p'\'''
lt_cv_sys_global_symbol_to_c_name_address_lib_prefix='sed -n -e '\''s/^: \(.*\) .*$/  {"\1", (void *) 0},/p'\'' -e '\''s/^[ABCDGIRSTW][ABCDGIRSTW]* .* \(lib.*\)$/  {"\1", (void *) \&\1},/p'\'' -e '\''s/^[ABCDGIRSTW][ABCDGIRSTW]* .* \(.*\)$/  {"lib\1", (void *) \&\1},/p'\'''
lt_cv_sys_global_symbol_to_cdecl='sed -n -e '\''s/^T .* \(.*\)$/extern int \1();/p'\'' -e '\''s/^[ABCDGIRSTW][ABCDGIRSTW]* .* \(.*\)$/extern char \1;/p'\'''
lt_cv_sys_global_symbol_to_import=
lt_cv_sys_max_cmd_len=1572864
lt_cv_to_host_file_cmd=func_convert_file_noop
lt_cv_to_tool_file_cmd=func_convert_file_noop
lt_cv_truncate_bin='/usr/bin/dd bs=4096 count=1'

## ----------------- ##
## Output variables. ##
## ----------------- ##

ACLOCAL='${SHELL} /home/ensmjc/Codes/C/WMPI/missing aclocal-1.15'
AMDEPBACKSLASH='\'
AMDEP_FALSE='#'
AMDEP_TRUE=''
AMTAR='$${TAR-tar}'
AM_BACKSLASH='\'
AM_DEFAULT_V='$(AM_DEFAULT_VERBOSITY)'
AM_DEFAULT_VERBOSITY='1'
AM_V='$(V)'
AR='ar'
AUTOCONF='${SHELL} /home/ensmjc/Codes/C/WMPI/missing autoconf'
AUTOHEADER='${SHELL} /home/ensmjc/Codes/C/WMPI/missing autoheader'
AUTOMAKE='${SHELL} /home/ensmjc/Codes/C/WMPI/missing automake-1.15'
AWK='gawk'
CC='gcc'
CCDEPMODE='depmode=gcc3'
CFLAGS='-g -O2 -Wall -Werror-implicit-function-declaration -Wstrict-prototypes -Wmissing-prototypes -Wmissing-declarations -I/usr/include/glib-2.0 -I/usr/lib64/glib-2.0/include'
COND_MPI_FALSE=''
COND_MPI_TRUE='#'
CPP='gcc -E'
CPPFLAGS=''
CYGPATH_W='echo'
DEFS='-DHAVE_CONFIG_H'
DEPDIR='.deps'
DLLTOOL='dlltool'
DSYMUTIL=''
DUMPBIN=''
ECHO_C=''
ECHO_N='-n'
ECHO_T=''
EGREP='/usr/bin/grep -E'
EXEEXT=''
FGREP='/usr/bin/grep -F'
GLIB_CFLAGS='-pthread -I/usr/include/glib-2.0 -I/usr/lib64/glib-2.0/include'
GLIB_COMPILE_RESOURCES='glib-compile-resources'
GLIB_CONFIG=''
GLIB_GENMARSHAL='glib-genmarshal'
GLIB_LIBS='-lglib-2.0'
GLIB_MKENUMS='glib-mkenums'
GOBJECT_QUERY='gobject-query'
GREP='/usr/bin/grep'
INSTALL_DATA='${INSTALL} -m 644'
INSTALL_PROGRAM='${INSTALL}'
INSTALL_SCRIPT='${INSTALL}'
INSTALL_STRIP_PROGRAM='$(install_sh) -c -s'
LD='/usr/x86_64-slackware-linux/bin/ld -m elf_x86_64'
LDFLAGS=' -lglib-2.0'
LIBOBJS=''
LIBS='-lglib-2.0 '
LIBTOOL='$(SHELL) $(top_builddir)/libtool'
LIPO=''
LN_S='ln -s'
LTLIBOBJS=''
LT_AGE='0'
LT_CURRENT='2'
LT_RELEASE='0.1'
LT_REVISION='0'
LT_SYS_LIBRARY_PATH=''
MAINT='#'
MAINTAINER_MODE_FALSE=''
MAINTAINER_MODE_TRUE='#'
MAKEINFO='${SHELL} /home/ensmjc/Codes/C/WMPI/missing makeinfo'
MANIFEST_TOOL=':'
MKDIR_P='/usr/bin/mkdir -p'
MPICC=''
MPICXX=''
MPICXXFLAGS=''
MPIFLAGS=''
NM='/usr/bin/nm -B'
NMEDIT=''
OBJDUMP='objdump'
OBJEXT='o'
OTOOL64=''
OTOOL=''
PACKAGE='wmpi'
PACKAGE_BUGREPORT=''
PACKAGE_NAME='wmpi'
PACKAGE_STRING='wmpi 1.2'
PACKAGE_TARNAME='wmpi'
PACKAGE_URL=''
PACKAGE_VERSION='1.2'
PATH_SEPARATOR=':'
PKG_CONFIG='/usr/bin/pkg-config'
PKG_CONFIG_LIBDIR=''
PKG_CONFIG_PATH='/usr/local/lib64/pkgconfig:/usr/local/share/pkgconfig:/usr/lib64/pkgconfig:/usr/share/pkgconfig'
RANLIB='ranlib'
SED='/usr/bin/sed'
SET_MAKE=''
SHELL='/bin/sh'
STRIP='strip'
USERMPIFLAGS=''
VERSION='1.2'
WMPI_MAJOR_VERSION='0'
WMPI_MICRO_VERSION='2'
WMPI_MINOR_VERSION='1'
WMPI_VERSION='0.1.2'
ac_ct_AR='ar'
ac_ct_CC='gcc'
ac_ct_DUMPBIN=''
am__EXEEXT_FALSE=''
am__EXEEXT_TRUE='#'
am__fastdepCC_FALSE='#'
am__fastdepCC_TRUE=''
am__include='include'
am__isrc=''
am__leading_dot='.'
am__nodep='_no'
am__quote=''
am__tar='$${TAR-tar} chof - "$$tardir"'
am__untar='$${TAR-tar} xf -'
bindir='${exec_prefix}/bin'
build='x86_64-unknown-linux-gnu'
build_alias=''
build_cpu='x86_64'
build_os='linux-gnu'
build_vendor='unknown'
datadir='${datarootdir}'
datarootdir='${prefix}/share'
docdir='${datarootdir}/doc/${PACKAGE_TARNAME}'
dvidir='${docdir}'
exec_prefix='${prefix}'
glib_cflags='-I/usr/include/glib-2.0 -I/usr/lib64/glib-2.0/include'
glib_libs='-lglib-2.0'
host='x86_64-unknown-linux-gnu'
host_alias=''
host_cpu='x86_64'
host_os='linux-gnu'
host_vendor='unknown'
htmldir='${docdir}'
includedir='${prefix}/include'
infodir='${datarootdir}/info'
install_sh='${SHELL} /home/ensmjc/Codes/C/WMPI/install-sh'
libdir='${exec_prefix}/lib'
libexecdir='${exec_prefix}/libexec'
localedir='${datarootdir}/locale'
localstatedir='${prefix}/var'
mandir='${datarootdir}/man'
mkdir_p='$(MKDIR_P)'
mpiCC_available='no'
mpi_dir=''
mpicc_available='no'
mpicxx_available='no'
oldincludedir='/usr/include'
pdfdir='${docdir}'
prefix='/home/ensmjc/Codes'
program_transform_name='s,x,x,'
psdir='${docdir}'
sbindir='${exec_prefix}/sbin'
sharedstatedir='${prefix}/com'
sysconfdir='${prefix}/etc'
target_alias=''

## ----------- ##
## confdefs.h. ##
## ----------- ##

/* confdefs.h */
#define PACKAGE_NAME "wmpi"
#define PACKAGE_TARNAME "wmpi"
#define PACKAGE_VERSION "1.2"
#define PACKAGE_STRING "wmpi 1.2"
#define PACKAGE_BUGREPORT ""
#define PACKAGE_URL ""
#define PACKAGE "wmpi"
#define VERSION "1.2"
#define WMPI_MAJOR_VERSION 0
#define WMPI_MINOR_VERSION 1
#define WMPI_MICRO_VERSION 2
#define WMPI_INTERFACE_AGE 0
#define WMPI_BINARY_AGE 0
#define STDC_HEADERS 1
#define HAVE_SYS_TYPES_H 1
#define HAVE_SYS_STAT_H 1
#define HAVE_STDLIB_H 1
#define HAVE_STRING_H 1
#define HAVE_MEMORY_H 1
#define HAVE_STRINGS_H 1
#define HAVE_INTTYPES_H 1
#define HAVE_STDINT_H 1
#define HAVE_UNISTD_H 1
#define HAVE_DLFCN_H 1
#define LT_OBJDIR ".libs/"
#define STDC_HEADERS 1

configure: exit 0
